Build started 18/04/2012 21:33:01.
     1>Project "C:\develop\console_check_serial\console_check_serial\console_check_serial.vcxproj" on node 2 (build target(s)).
     1>InitializeBuildStatus:
         Creating "Debug\console_check_serial.unsuccessfulbuild" because "AlwaysCreate" was specified.
       ClCompile:
         All outputs are up-to-date.
         C:\Archivos de programa\Microsoft Visual Studio 10.0\VC\bin\CL.exe /c /I"C:\Archivos de programa\Eltima Software\Serial Port ActiveX Control DEMO\Consts\C++" /ZI /nologo /W3 /WX- /Od /Oy- /D WIN32 /D _DEBUG /D _CONSOLE /D _UNICODE /D UNICODE /Gm /EHsc /RTC1 /MDd /GS /fp:precise /Zc:wchar_t /Zc:forScope /Yu"StdAfx.h" /Fp"Debug\console_check_serial.pch" /Fo"Debug\\" /Fd"Debug\vc100.pdb" /Gd /TP /analyze- /errorReport:prompt console_check_serial.cpp
         console_check_serial.cpp
       ManifestResourceCompile:
         All outputs are up-to-date.
       Link:
         C:\Archivos de programa\Microsoft Visual Studio 10.0\VC\bin\link.exe /ERRORREPORT:PROMPT /OUT:"C:\develop\console_check_serial\Debug\console_check_serial.exe" /INCREMENTAL /NOLOGO kernel32.lib user32.lib gdi32.lib winspool.lib comdlg32.lib advapi32.lib shell32.lib ole32.lib oleaut32.lib uuid.lib odbc32.lib odbccp32.lib /MANIFEST /ManifestFile:"Debug\console_check_serial.exe.intermediate.manifest" /MANIFESTUAC:"level='asInvoker' uiAccess='false'" /DEBUG /PDB:"C:\develop\console_check_serial\Debug\console_check_serial.pdb" /SUBSYSTEM:CONSOLE /TLBID:1 /DYNAMICBASE /NXCOMPAT /IMPLIB:"C:\develop\console_check_serial\Debug\console_check_serial.lib" /MACHINE:X86 Debug\console_check_serial.exe.embed.manifest.res
         Debug\console_check_serial.obj
         Debug\stdafx.obj
       Manifest:
         C:\Archivos de programa\Microsoft SDKs\Windows\v7.0A\bin\mt.exe /nologo /verbose /out:"Debug\console_check_serial.exe.embed.manifest" /manifest Debug\console_check_serial.exe.intermediate.manifest
         All outputs are up-to-date.
       LinkEmbedManifest:
         All outputs are up-to-date.
         console_check_serial.vcxproj -> C:\develop\console_check_serial\Debug\console_check_serial.exe
       FinalizeBuildStatus:
         Deleting file "Debug\console_check_serial.unsuccessfulbuild".
         Touching "Debug\console_check_serial.lastbuildstate".
     1>Done Building Project "C:\develop\console_check_serial\console_check_serial\console_check_serial.vcxproj" (build target(s)).

Build succeeded.

Time Elapsed 00:00:01.42
